[souscription.sonaturbf.net/index.html]
[backblue.gif]
[fade.gif]
[index.html]
[cdn.jsdelivr.net/npm/tailwindcss@2.2.19/dist/tailwind.min.css]
[cdn.jsdelivr.net/npm/alpinejs@3.x.x/dist/cdn.min.js]
[cdnjs.cloudflare.com/ajax/libs/font-awesome/6.5.1/css/all.min.css]
[souscription.sonaturbf.net/assets/images/logo.4.delayed]
[souscription.sonaturbf.net/index-2.html]
[souscription.sonaturbf.net/index53a6.html]
[souscription.sonaturbf.net/index7d78.html]
[souscription.sonaturbf.net/index12ce.html]
[souscription.sonaturbf.net/assets/images/hero-image.jpg]
[souscription.sonaturbf.net/assets/images/tougan.jpg]
[souscription.sonaturbf.net/indexd8eb.html]
[souscription.sonaturbf.net/assets/images/garango.jpg]
[souscription.sonaturbf.net/indexdbb6.html]
[souscription.sonaturbf.net/assets/images/orodara.jpg]
[souscription.sonaturbf.net/indexc83c.html]
[souscription.sonaturbf.net/assets/images/about-image.jpg]
[souscription.sonaturbf.net/assets/images/testimonial-1.jpg]
[souscription.sonaturbf.net/assets/images/testimonial-2.jpg]
[souscription.sonaturbf.net/assets/images/testimonial-3.jpg]
[souscription.sonaturbf.net/index.html]
[cdn.jsdelivr.net/npm/tailwindcss@2.2.19/dist/tailwind.min.css]
[cdnjs.cloudflare.com/ajax/libs/font-awesome/6.5.1/css/all.min.css]
[souscription.sonaturbf.net/assets/images/logo.html]
[souscription.sonaturbf.net/index-2.html]
[souscription.sonaturbf.net/index53a6.html]
[souscription.sonaturbf.net/index7d78.html]
[souscription.sonaturbf.net/assets/css/styles.css]
[souscription.sonaturbf.net/indexee88.php]
[souscription.sonaturbf.net/somature.png]
[souscription.sonaturbf.net/index12ce.html]
[souscription.sonaturbf.net/assets/images/hero-image.html]
[souscription.sonaturbf.net/assets/images/tougan.html]
[souscription.sonaturbf.net/indexd8eb.html]
[souscription.sonaturbf.net/index9753.html]
[souscription.sonaturbf.net/indexdbb6.html]
[souscription.sonaturbf.net/assets/images/orodara.html]
[souscription.sonaturbf.net/indexc83c.html]
[souscription.sonaturbf.net/assets/images/about-image.html]
[souscription.sonaturbf.net/assets/images/testimonial-1.html]
[souscription.sonaturbf.net/assets/images/testimonial-2.html]
[souscription.sonaturbf.net/assets/images/testimonial-3.html]
[souscription.sonaturbf.net/assets/css/styles.css]
[souscription.sonaturbf.net/indexee88.php]
[souscription.sonaturbf.net/index9753.html]
[souscription.sonaturbf.net/souscrire]
[souscription.sonaturbf.net/souscrire]
